2019-09-21 17:48:01,781 CRITICAL client_log_config.py Test critical event
2019-09-21 17:48:01,781 ERROR client_log_config.py Test error event
2019-09-21 17:48:01,781 DEBUG client_log_config.py Test debug event
2019-09-21 17:48:01,781 INFO client_log_config.py Test info event
2019-09-21 17:55:58,411 INFO client.py Запущен клиент с парамертами: адрес сервера: 127.0.0.1 , порт: 7777
2019-09-21 17:55:58,411 DEBUG client.py Сформировано presence сообщение для пользователя User
2019-09-21 17:55:58,411 DEBUG client.py Разбор сообщения от сервера: {'response': 200}
2019-09-21 17:55:58,411 INFO client.py Принят ответ от сервера 200 : OK
2019-09-21 17:59:59,469 CRITICAL client.py Попытка запуска клиента с неподходящим номером порта: 1022. Допустимы адреса с 1024 до 65535. Клиент завершается.
2019-09-21 18:02:25,968 INFO client.py Запущен клиент с парамертами: адрес сервера: 127.0.0.1 , порт: 7777
2019-09-21 18:02:25,971 DEBUG client.py Сформировано presence сообщение для пользователя User
2019-09-21 18:02:25,973 DEBUG client.py Разбор сообщения от сервера: {'response': 200}
2019-09-21 18:02:25,973 INFO client.py Принят ответ от сервера 200 : OK

2019-09-24 17:08:24,108 DEBUG decos.py Была вызвана функция create_arg_parser c параметрами () , {}. Вызов из модуля __main__
2019-09-24 17:08:24,121 INFO client.py Запущен клиент с парамертами: адрес сервера: 127.0.0.1 , порт: 7777
2019-09-24 17:08:24,123 DEBUG decos.py Была вызвана функция create_presence c параметрами () , {}. Вызов из модуля __main__
2019-09-24 17:08:24,123 DEBUG client.py Сформировано presence сообщение для пользователя User
2019-09-24 17:08:24,135 DEBUG decos.py Была вызвана функция process_answer c параметрами ({'response': 200},) , {}. Вызов из модуля __main__
2019-09-24 17:08:24,136 DEBUG client.py Разбор сообщения от сервера: {'response': 200}
2019-09-24 17:08:24,136 INFO client.py Принят ответ от сервера 200 : OK
2019-09-24 17:15:54,051 DEBUG decos.py Была вызвана функция create_arg_parser c параметрами () , {}. Вызов из модуля __main__
2019-09-24 17:15:54,053 INFO client.py Запущен клиент с парамертами: адрес сервера: 127.0.0.1 , порт: 7777
2019-09-24 17:15:54,054 DEBUG decos.py Была вызвана функция create_presence c параметрами () , {}. Вызов из модуля __main__
2019-09-24 17:15:54,054 DEBUG client.py Сформировано presence сообщение для пользователя User
2019-09-24 17:15:54,055 DEBUG decos.py Была вызвана функция process_answer c параметрами ({'response': 200},) , {}. Вызов из модуля __main__
2019-09-24 17:15:54,055 DEBUG client.py Разбор сообщения от сервера: {'response': 200}
2019-09-24 17:15:54,055 INFO client.py Принят ответ от сервера 200 : OK
2019-09-24 17:16:10,620 DEBUG decos.py Была вызвана функция create_arg_parser c параметрами () , {}. Вызов из модуля __main__
2019-09-24 17:16:10,621 INFO client.py Запущен клиент с парамертами: адрес сервера: 127.0.0.1 , порт: 7777
2019-09-24 17:16:10,622 DEBUG decos.py Была вызвана функция create_presence c параметрами () , {}. Вызов из модуля __main__
2019-09-24 17:16:10,622 DEBUG client.py Сформировано presence сообщение для пользователя User
2019-09-24 17:16:10,623 DEBUG decos.py Была вызвана функция process_answer c параметрами ({'response': 200},) , {}. Вызов из модуля __main__
2019-09-24 17:16:10,623 DEBUG client.py Разбор сообщения от сервера: {'response': 200}
2019-09-24 17:16:10,623 INFO client.py Принят ответ от сервера 200 : OK
